#
# There is insufficient memory for the Java Runtime Environment to continue.
# Native memory allocation (malloc) failed to allocate 390256 bytes for Chunk::new
# Possible reasons:
#   The system is out of physical RAM or swap space
#   The process is running with CompressedOops enabled, and the Java Heap may be blocking the growth of the native heap
# Possible solutions:
#   Reduce memory load on the system
#   Increase physical memory or swap space
#   Check if swap backing store is full
#   Decrease Java heap size (-Xmx/-Xms)
#   Decrease number of Java threads
#   Decrease Java thread stack sizes (-Xss)
#   Set larger code cache with -XX:ReservedCodeCacheSize=
#   JVM is running with Unscaled Compressed Oops mode in which the Java heap is
#     placed in the first 4GB address space. The Java Heap base address is the
#     maximum limit for the native heap growth. Please use -XX:HeapBaseMinAddress
#     to set the Java Heap base and to place the Java Heap above 4GB virtual address.
# This output file may be truncated or incomplete.
#
#  Out of Memory Error (arena.cpp:195), pid=25376, tid=19400
#
# JRE version: Java(TM) SE Runtime Environment (16.0.2+7) (build 16.0.2+7-67)
# Java VM: Java HotSpot(TM) 64-Bit Server VM (16.0.2+7-67, mixed mode, sharing, tiered, compressed oops, compressed class ptrs, g1 gc, windows-amd64)
# No core dump will be written. Minidumps are not enabled by default on client versions of Windows
#

---------------  S U M M A R Y ------------

Command Line: -Dfile.encoding=UTF-8 --module-path=D:\java\College_Managment_System\build\classes college_managment_system.Login

Host: AMD Ryzen 5 3450U with Radeon Vega Mobile Gfx  , 8 cores, 5G,  Windows 10 , 64 bit Build 19041 (10.0.19041.2913)
Time: Tue Dec 12 01:40:58 2023 India Standard Time elapsed time: 626.920618 seconds (0d 0h 10m 26s)

---------------  T H R E A D  ---------------

Current thread (0x000001e764d525b0):  JavaThread "C2 CompilerThread0" daemon [_thread_in_native, id=19400, stack(0x000000651b000000,0x000000651b100000)]


Current CompileTask:
C2: 626920 2920       4       java.awt.EventQueue::dispatchEventImpl (136 bytes)

Stack: [0x000000651b000000,0x000000651b100000]
Native frames: (J=compiled Java code, j=interpreted, Vv=VM code, C=native code)
V  [jvm.dll+0x6681ca]
V  [jvm.dll+0x7c9e69]
V  [jvm.dll+0x7cb61e]
V  [jvm.dll+0x7cbc73]
V  [jvm.dll+0x242c55]
V  [jvm.dll+0xadeba]
V  [jvm.dll+0xae45c]
V  [jvm.dll+0x35a882]
V  [jvm.dll+0x324de1]
V  [jvm.dll+0x32428a]
V  [jvm.dll+0x215cec]
V  [jvm.dll+0x215100]
V  [jvm.dll+0x1a1beb]
V  [jvm.dll+0x225158]
V  [jvm.dll+0x22319c]
V  [jvm.dll+0x77fa62]
V  [jvm.dll+0x7795aa]
V  [jvm.dll+0x667066]
C  [ucrtbase.dll+0x21bb2]
C  [KERNEL32.DLL+0x17614]
C  [ntdll.dll+0x526a1]


---------------  P R O C E S S  ---------------

Threads class SMR info:
_java_thread_list=0x000001e76ce6ce60, length=19, elements={
0x000001e764d2d570, 0x000001e764d2e430, 0x000001e764d38f70, 0x000001e764d3ab80,
0x000001e764d3e6a0, 0x000001e764d3f0a0, 0x000001e764d525b0, 0x000001e764d530a0,
0x000001e764d67ed0, 0x000001e764d0a400, 0x000001e76590aec0, 0x000001e765ac78c0,
0x000001e765af65a0, 0x000001e765af9580, 0x000001e7663106e0, 0x000001e748078320,
0x000001e7663e6010, 0x000001e7664d7ea0, 0x000001e7668219e0
}

Java Threads: ( => current thread )
  0x000001e764d2d570 JavaThread "Reference Handler" daemon [_thread_blocked, id=21616, stack(0x000000651aa00000,0x000000651ab00000)]
  0x000001e764d2e430 JavaThread "Finalizer" daemon [_thread_blocked, id=25212, stack(0x000000651ab00000,0x000000651ac00000)]
  0x000001e764d38f70 JavaThread "Signal Dispatcher" daemon [_thread_blocked, id=25304, stack(0x000000651ac00000,0x000000651ad00000)]
  0x000001e764d3ab80 JavaThread "Attach Listener" daemon [_thread_blocked, id=14916, stack(0x000000651ad00000,0x000000651ae00000)]
  0x000001e764d3e6a0 JavaThread "Service Thread" daemon [_thread_blocked, id=25440, stack(0x000000651ae00000,0x000000651af00000)]
  0x000001e764d3f0a0 JavaThread "Monitor Deflation Thread" daemon [_thread_blocked, id=11284, stack(0x000000651af00000,0x000000651b000000)]
=>0x000001e764d525b0 JavaThread "C2 CompilerThread0" daemon [_thread_in_native, id=19400, stack(0x000000651b000000,0x000000651b100000)]
  0x000001e764d530a0 JavaThread "C1 CompilerThread0" daemon [_thread_blocked, id=3472, stack(0x000000651b100000,0x000000651b200000)]
  0x000001e764d67ed0 JavaThread "Sweeper thread" daemon [_thread_blocked, id=20844, stack(0x000000651b200000,0x000000651b300000)]
  0x000001e764d0a400 JavaThread "Common-Cleaner" daemon [_thread_blocked, id=22936, stack(0x000000651b300000,0x000000651b400000)]
  0x000001e76590aec0 JavaThread "Notification Thread" daemon [_thread_blocked, id=24052, stack(0x000000651b400000,0x000000651b500000)]
  0x000001e765ac78c0 JavaThread "Java2D Disposer" daemon [_thread_blocked, id=24720, stack(0x000000651b600000,0x000000651b700000)]
  0x000001e765af65a0 JavaThread "AWT-Shutdown" [_thread_blocked, id=18700, stack(0x000000651b700000,0x000000651b800000)]
  0x000001e765af9580 JavaThread "AWT-Windows" daemon [_thread_in_native, id=20252, stack(0x000000651b800000,0x000000651b900000)]
  0x000001e7663106e0 JavaThread "AWT-EventQueue-0" [_thread_in_native, id=20772, stack(0x000000651c200000,0x000000651c300000)]
  0x000001e748078320 JavaThread "DestroyJavaVM" [_thread_blocked, id=22964, stack(0x000000651a300000,0x000000651a400000)]
  0x000001e7663e6010 JavaThread "D3D Screen Updater" daemon [_thread_blocked, id=18396, stack(0x000000651c400000,0x000000651c500000)]
  0x000001e7664d7ea0 JavaThread "TimerQueue" daemon [_thread_blocked, id=23288, stack(0x000000651c500000,0x000000651c600000)]
  0x000001e7668219e0 JavaThread "mysql-cj-abandoned-connection-cleanup" daemon [_thread_blocked, id=19344, stack(0x000000651c100000,0x000000651c200000)]

Other Threads:
  0x000001e764d238f0 VMThread "VM Thread" [stack: 0x000000651a900000,0x000000651aa00000] [id=22072]
  0x000001e7658550e0 WatcherThread [stack: 0x000000651b500000,0x000000651b600000] [id=19548]
  0x000001e7480b1b50 GCTaskThread "GC Thread#0" [stack: 0x000000651a400000,0x000000651a500000] [id=10968]
  0x000001e7668ab430 GCTaskThread "GC Thread#1" [stack: 0x000000651c800000,0x000000651c900000] [id=22232]
  0x000001e7668ab740 GCTaskThread "GC Thread#2" [stack: 0x000000651c900000,0x000000651ca00000] [id=24656]
  0x000001e7664e1cf0 GCTaskThread "GC Thread#3" [stack: 0x000000651ca00000,0x000000651cb00000] [id=24772]
  0x000001e766623dd0 GCTaskThread "GC Thread#4" [stack: 0x000000651cb00000,0x000000651cc00000] [id=17424]
  0x000001e766623190 GCTaskThread "GC Thread#5" [stack: 0x000000651cc00000,0x000000651cd00000] [id=20780]
  0x000001e766622860 GCTaskThread "GC Thread#6" [stack: 0x000000651cd00000,0x000000651ce00000] [id=18088]
  0x000001e7666237b0 GCTaskThread "GC Thread#7" [stack: 0x000000651ce00000,0x000000651cf00000] [id=24944]
  0x000001e7480be910 ConcurrentGCThread "G1 Main Marker" [stack: 0x000000651a500000,0x000000651a600000] [id=25408]
  0x000001e7480bf400 ConcurrentGCThread "G1 Conc#0" [stack: 0x000000651a600000,0x000000651a700000] [id=7260]
  0x000001e748158bf0 ConcurrentGCThread "G1 Refine#0" [stack: 0x000000651a700000,0x000000651a800000] [id=17068]
  0x000001e76683da30 ConcurrentGCThread "G1 Refine#1" [stack: 0x000000651cf00000,0x000000651d000000] [id=6844]
  0x000001e7664db550 ConcurrentGCThread "G1 Refine#2" [stack: 0x000000651d000000,0x000000651d100000] [id=23088]
  0x000001e764be17e0 ConcurrentGCThread "G1 Service" [stack: 0x000000651a800000,0x000000651a900000] [id=18616]

Threads with active compile tasks:
C2 CompilerThread0   626961 2920       4       java.awt.EventQueue::dispatchEventImpl (136 bytes)

VM state: not at safepoint (normal execution)

VM Mutex/Monitor currently owned by a thread: None

Heap address: 0x00000000a1c00000, size: 1508 MB, Compressed Oops mode: 32-bit

CDS archive(s) mapped at: [0x0000000800000000-0x0000000800bb0000-0x0000000800bb0000), size 12255232, SharedBaseAddress: 0x0000000800000000, ArchiveRelocationMode: 0.
Compressed class space mapped at: 0x0000000800c00000-0x0000000840c00000, reserved size: 1073741824
Narrow klass base: 0x0000000800000000, Narrow klass shift: 3, Narrow klass range: 0x100000000

GC Precious Log:
 CPUs: 8 total, 8 available
 Memory: 6030M
 Large Page Support: Disabled
 NUMA Support: Disabled
 Compressed Oops: Enabled (32-bit)
 Heap Region Size: 1M
 Heap Min Capacity: 8M
 Heap Initial Capacity: 96M
 Heap Max Capacity: 1508M
 Pre-touch: Disabled
 Parallel Workers: 8
 Concurrent Workers: 2
 Concurrent Refinement Workers: 8
 Periodic GC: Disabled

Heap:
 garbage-first heap   total 98304K, used 64720K [0x00000000a1c00000, 0x0000000100000000)
  region size 1024K, 20 young (20480K), 1 survivors (1024K)
 Metaspace       used 19119K, committed 19392K, reserved 1073152K
  class space    used 2077K, committed 2240K, reserved 1048576K

Heap Regions: E=young(eden), S=young(survivor), O=old, HS=humongous(starts), HC=humongous(continues), CS=collection set, F=free, OA=open archive, CA=closed archive, TAMS=top-at-mark-start (previous, next)
|   0|0x00000000a1c00000, 0x00000000a1d00000, 0x00000000a1d00000|100%|HS|  |TAMS 0x00000000a1c00000, 0x00000000a1d00000| Complete 
|   1|0x00000000a1d00000, 0x00000000a1e00000, 0x00000000a1e00000|100%|HC|  |TAMS 0x00000000a1d00000, 0x00000000a1e00000| Complete 
|   2|0x00000000a1e00000, 0x00000000a1f00000, 0x00000000a1f00000|100%| O|  |TAMS 0x00000000a1e00000, 0x00000000a1f00000| Untracked 
|   3|0x00000000a1f00000, 0x00000000a2000000, 0x00000000a2000000|100%| O|  |TAMS 0x00000000a1f00000, 0x00000000a2000000| Untracked 
|   4|0x00000000a2000000, 0x00000000a2100000, 0x00000000a2100000|100%| O|  |TAMS 0x00000000a2000000, 0x00000000a2100000| Untracked 
|   5|0x00000000a2100000, 0x00000000a2200000, 0x00000000a2200000|100%|HS|  |TAMS 0x00000000a2100000, 0x00000000a2200000| Complete 
|   6|0x00000000a2200000, 0x00000000a2300000, 0x00000000a2300000|100%|HC|  |TAMS 0x00000000a2200000, 0x00000000a2300000| Complete 
|   7|0x00000000a2300000, 0x00000000a2400000, 0x00000000a2400000|100%|HC|  |TAMS 0x00000000a2300000, 0x00000000a2400000| Complete 
|   8|0x00000000a2400000, 0x00000000a2500000, 0x00000000a2500000|100%|HC|  |TAMS 0x00000000a2400000, 0x00000000a2500000| Complete 
|   9|0x00000000a2500000, 0x00000000a2600000, 0x00000000a2600000|100%|HC|  |TAMS 0x00000000a2500000, 0x00000000a2600000| Complete 
|  10|0x00000000a2600000, 0x00000000a2700000, 0x00000000a2700000|100%|HC|  |TAMS 0x00000000a2600000, 0x00000000a2700000| Complete 
|  11|0x00000000a2700000, 0x00000000a2800000, 0x00000000a2800000|100%|HC|  |TAMS 0x00000000a2700000, 0x00000000a2800000| Complete 
|  12|0x00000000a2800000, 0x00000000a2900000, 0x00000000a2900000|100%|HC|  |TAMS 0x00000000a2800000, 0x00000000a2900000| Complete 
|  13|0x00000000a2900000, 0x00000000a2a00000, 0x00000000a2a00000|100%|HC|  |TAMS 0x00000000a2900000, 0x00000000a2a00000| Complete 
|  14|0x00000000a2a00000, 0x00000000a2b00000, 0x00000000a2b00000|100%|HC|  |TAMS 0x00000000a2a00000, 0x00000000a2b00000| Complete 
|  15|0x00000000a2b00000, 0x00000000a2c00000, 0x00000000a2c00000|100%|HC|  |TAMS 0x00000000a2b00000, 0x00000000a2c00000| Complete 
|  16|0x00000000a2c00000, 0x00000000a2d00000, 0x00000000a2d00000|100%|HC|  |TAMS 0x00000000a2c00000, 0x00000000a2d00000| Complete 
|  17|0x00000000a2d00000, 0x00000000a2e00000, 0x00000000a2e00000|100%|HC|  |TAMS 0x00000000a2d00000, 0x00000000a2e00000| Complete 
|  18|0x00000000a2e00000, 0x00000000a2f00000, 0x00000000a2f00000|100%|HC|  |TAMS 0x00000000a2e00000, 0x00000000a2f00000| Complete 
|  19|0x00000000a2f00000, 0x00000000a3000000, 0x00000000a3000000|100%|HC|  |TAMS 0x00000000a2f00000, 0x00000000a3000000| Complete 
|  20|0x00000000a3000000, 0x00000000a3100000, 0x00000000a3100000|100%|HC|  |TAMS 0x00000000a3000000, 0x00000000a3100000| Complete 
|  21|0x00000000a3100000, 0x00000000a3200000, 0x00000000a3200000|100%|HC|  |TAMS 0x00000000a3100000, 0x00000000a3200000| Complete 
|  22|0x00000000a3200000, 0x00000000a3300000, 0x00000000a3300000|100%|HC|  |TAMS 0x00000000a3200000, 0x00000000a3300000| Complete 
|  23|0x00000000a3300000, 0x00000000a3400000, 0x00000000a3400000|100%|HC|  |TAMS 0x00000000a3300000, 0x00000000a3400000| Complete 
|  24|0x00000000a3400000, 0x00000000a3500000, 0x00000000a3500000|100%|HC|  |TAMS 0x00000000a3400000, 0x00000000a3500000| Complete 
|  25|0x00000000a3500000, 0x00000000a3600000, 0x00000000a3600000|100%|HC|  |TAMS 0x00000000a3500000, 0x00000000a3600000| Complete 
|  26|0x00000000a3600000, 0x00000000a3700000, 0x00000000a3700000|100%|HC|  |TAMS 0x00000000a3600000, 0x00000000a3700000| Complete 
|  27|0x00000000a3700000, 0x00000000a3800000, 0x00000000a3800000|100%|HC|  |TAMS 0x00000000a3700000, 0x00000000a3800000| Complete 
|  28|0x00000000a3800000, 0x00000000a3900000, 0x00000000a3900000|100%|HC|  |TAMS 0x00000000a3800000, 0x00000000a3900000| Complete 
|  29|0x00000000a3900000, 0x00000000a3a00000, 0x00000000a3a00000|100%|HC|  |TAMS 0x00000000a3900000, 0x00000000a3a00000| Complete 
|  30|0x00000000a3a00000, 0x00000000a3b00000, 0x00000000a3b00000|100%|HC|  |TAMS 0x00000000a3a00000, 0x00000000a3b00000| Complete 
|  31|0x00000000a3b00000, 0x00000000a3c00000, 0x00000000a3c00000|100%|HC|  |TAMS 0x00000000a3b00000, 0x00000000a3c00000| Complete 
|  32|0x00000000a3c00000, 0x00000000a3d00000, 0x00000000a3d00000|100%|HC|  |TAMS 0x00000000a3c00000, 0x00000000a3d00000| Complete 
|  33|0x00000000a3d00000, 0x00000000a3e00000, 0x00000000a3e00000|100%|HC|  |TAMS 0x00000000a3d00000, 0x00000000a3e00000| Complete 
|  34|0x00000000a3e00000, 0x00000000a3f00000, 0x00000000a3f00000|100%|HC|  |TAMS 0x00000000a3e00000, 0x00000000a3f00000| Complete 
|  35|0x00000000a3f00000, 0x00000000a4000000, 0x00000000a4000000|100%|HC|  |TAMS 0x00000000a3f00000, 0x00000000a4000000| Complete 
|  36|0x00000000a4000000, 0x00000000a4100000, 0x00000000a4100000|100%|HC|  |TAMS 0x00000000a4000000, 0x00000000a4100000| Complete 
|  37|0x00000000a4100000, 0x00000000a4200000, 0x00000000a4200000|100%| O|  |TAMS 0x00000000a4100000, 0x00000000a4200000| Untracked 
|  38|0x00000000a4200000, 0x00000000a4300000, 0x00000000a4300000|100%| O|  |TAMS 0x00000000a4200000, 0x00000000a4300000| Untracked 
|  39|0x00000000a4300000, 0x00000000a43b5600, 0x00000000a4400000| 70%| O|  |TAMS 0x00000000a4300000, 0x00000000a43b5600| Untracked 
|  40|0x00000000a4400000, 0x00000000a4500000, 0x00000000a4500000|100%|HS|  |TAMS 0x00000000a4400000, 0x00000000a4400000| Complete 
|  41|0x00000000a4500000, 0x00000000a4600000, 0x00000000a4600000|100%|HC|  |TAMS 0x00000000a4500000, 0x00000000a4500000| Complete 
|  42|0x00000000a4600000, 0x00000000a4700000, 0x00000000a4700000|100%|HC|  |TAMS 0x00000000a4600000, 0x00000000a4600000| Complete 
|  43|0x00000000a4700000, 0x00000000a4800000, 0x00000000a4800000|100%|HC|  |TAMS 0x00000000a4700000, 0x00000000a4700000| Complete 
|  44|0x00000000a4800000, 0x00000000a4900000, 0x00000000a4900000|100%|HC|  |TAMS 0x00000000a4800000, 0x00000000a4800000| Complete 
|  45|0x00000000a4900000, 0x00000000a4900000, 0x00000000a4a00000|  0%| F|  |TAMS 0x00000000a4900000, 0x00000000a4900000| Untracked 
|  46|0x00000000a4a00000, 0x00000000a4a00000, 0x00000000a4b00000|  0%| F|  |TAMS 0x00000000a4a00000, 0x00000000a4a00000| Untracked 
|  47|0x00000000a4b00000, 0x00000000a4b00000, 0x00000000a4c00000|  0%| F|  |TAMS 0x00000000a4b00000, 0x00000000a4b00000| Untracked 
|  48|0x00000000a4c00000, 0x00000000a4c00000, 0x00000000a4d00000|  0%| F|  |TAMS 0x00000000a4c00000, 0x00000000a4c00000| Untracked 
|  49|0x00000000a4d00000, 0x00000000a4d00000, 0x00000000a4e00000|  0%| F|  |TAMS 0x00000000a4d00000, 0x00000000a4d00000| Untracked 
|  50|0x00000000a4e00000, 0x00000000a4e00000, 0x00000000a4f00000|  0%| F|  |TAMS 0x00000000a4e00000, 0x00000000a4e00000| Untracked 
|  51|0x00000000a4f00000, 0x00000000a4f00000, 0x00000000a5000000|  0%| F|  |TAMS 0x00000000a4f00000, 0x00000000a4f00000| Untracked 
|  52|0x00000000a5000000, 0x00000000a5000000, 0x00000000a5100000|  0%| F|  |TAMS 0x00000000a5000000, 0x00000000a5000000| Untracked 
|  53|0x00000000a5100000, 0x00000000a5100000, 0x00000000a5200000|  0%| F|  |TAMS 0x00000000a5100000, 0x00000000a5100000| Untracked 
|  54|0x00000000a5200000, 0x00000000a5200000, 0x00000000a5300000|  0%| F|  |TAMS 0x00000000a5200000, 0x00000000a5200000| Untracked 
|  55|0x00000000a5300000, 0x00000000a5300000, 0x00000000a5400000|  0%| F|  |TAMS 0x00000000a5300000, 0x00000000a5300000| Untracked 
|  56|0x00000000a5400000, 0x00000000a5400000, 0x00000000a5500000|  0%| F|  |TAMS 0x00000000a5400000, 0x00000000a5400000| Untracked 
|  57|0x00000000a5500000, 0x00000000a5500000, 0x00000000a5600000|  0%| F|  |TAMS 0x00000000a5500000, 0x00000000a5500000| Untracked 
|  58|0x00000000a5600000, 0x00000000a5600000, 0x00000000a5700000|  0%| F|  |TAMS 0x00000000a5600000, 0x00000000a5600000| Untracked 
|  59|0x00000000a5700000, 0x00000000a5700000, 0x00000000a5800000|  0%| F|  |TAMS 0x00000000a5700000, 0x00000000a5700000| Untracked 
|  60|0x00000000a5800000, 0x00000000a5800000, 0x00000000a5900000|  0%| F|  |TAMS 0x00000000a5800000, 0x00000000a5800000| Untracked 
|  61|0x00000000a5900000, 0x00000000a5900000, 0x00000000a5a00000|  0%| F|  |TAMS 0x00000000a5900000, 0x00000000a5900000| Untracked 
|  62|0x00000000a5a00000, 0x00000000a5a00000, 0x00000000a5b00000|  0%| F|  |TAMS 0x00000000a5a00000, 0x00000000a5a00000| Untracked 
|  63|0x00000000a5b00000, 0x00000000a5b00000, 0x00000000a5c00000|  0%| F|  |TAMS 0x00000000a5b00000, 0x00000000a5b00000| Untracked 
|  64|0x00000000a5c00000, 0x00000000a5c00000, 0x00000000a5d00000|  0%| F|  |TAMS 0x00000000a5c00000, 0x00000000a5c00000| Untracked 
|  65|0x00000000a5d00000, 0x00000000a5d00000, 0x00000000a5e00000|  0%| F|  |TAMS 0x00000000a5d00000, 0x00000000a5d00000| Untracked 
|  66|0x00000000a5e00000, 0x00000000a5e00000, 0x00000000a5f00000|  0%| F|  |TAMS 0x00000000a5e00000, 0x00000000a5e00000| Untracked 
|  67|0x00000000a5f00000, 0x00000000a5f00000, 0x00000000a6000000|  0%| F|  |TAMS 0x00000000a5f00000, 0x00000000a5f00000| Untracked 
|  68|0x00000000a6000000, 0x00000000a6000000, 0x00000000a6100000|  0%| F|  |TAMS 0x00000000a6000000, 0x00000000a6000000| Untracked 
|  69|0x00000000a6100000, 0x00000000a6100000, 0x00000000a6200000|  0%| F|  |TAMS 0x00000000a6100000, 0x00000000a6100000| Untracked 
|  70|0x00000000a6200000, 0x00000000a6200000, 0x00000000a6300000|  0%| F|  |TAMS 0x00000000a6200000, 0x00000000a6200000| Untracked 
|  71|0x00000000a6300000, 0x00000000a6300000, 0x00000000a6400000|  0%| F|  |TAMS 0x00000000a6300000, 0x00000000a6300000| Untracked 
|  72|0x00000000a6400000, 0x00000000a6400000, 0x00000000a6500000|  0%| F|  |TAMS 0x00000000a6400000, 0x00000000a6400000| Untracked 
|  73|0x00000000a6500000, 0x00000000a6500000, 0x00000000a6600000|  0%| F|  |TAMS 0x00000000a6500000, 0x00000000a6500000| Untracked 
|  74|0x00000000a6600000, 0x00000000a6600000, 0x00000000a6700000|  0%| F|  |TAMS 0x00000000a6600000, 0x00000000a6600000| Untracked 
|  75|0x00000000a6700000, 0x00000000a6700000, 0x00000000a6800000|  0%| F|  |TAMS 0x00000000a6700000, 0x00000000a6700000| Untracked 
|  76|0x00000000a6800000, 0x00000000a686c8a8, 0x00000000a6900000| 42%| E|  |TAMS 0x00000000a6800000, 0x00000000a6800000| Complete 
|  77|0x00000000a6900000, 0x00000000a6a00000, 0x00000000a6a00000|100%| E|CS|TAMS 0x00000000a6900000, 0x00000000a6900000| Complete 
|  78|0x00000000a6a00000, 0x00000000a6b00000, 0x00000000a6b00000|100%| E|CS|TAMS 0x00000000a6a00000, 0x00000000a6a00000| Complete 
|  79|0x00000000a6b00000, 0x00000000a6c00000, 0x00000000a6c00000|100%| E|CS|TAMS 0x00000000a6b00000, 0x00000000a6b00000| Complete 
|  80|0x00000000a6c00000, 0x00000000a6d00000, 0x00000000a6d00000|100%| E|CS|TAMS 0x00000000a6c00000, 0x00000000a6c00000| Complete 
|  81|0x00000000a6d00000, 0x00000000a6e00000, 0x00000000a6e00000|100%| E|CS|TAMS 0x00000000a6d00000, 0x00000000a6d00000| Complete 
|  82|0x00000000a6e00000, 0x00000000a6f00000, 0x00000000a6f00000|100%| E|CS|TAMS 0x00000000a6e00000, 0x00000000a6e00000| Complete 
|  83|0x00000000a6f00000, 0x00000000a7000000, 0x00000000a7000000|100%| E|CS|TAMS 0x00000000a6f00000, 0x00000000a6f00000| Complete 
|  84|0x00000000a7000000, 0x00000000a7100000, 0x00000000a7100000|100%| E|CS|TAMS 0x00000000a7000000, 0x00000000a7000000| Complete 
|  85|0x00000000a7100000, 0x00000000a7200000, 0x00000000a7200000|100%| E|CS|TAMS 0x00000000a7100000, 0x00000000a7100000| Complete 
|  86|0x00000000a7200000, 0x00000000a7300000, 0x00000000a7300000|100%| E|CS|TAMS 0x00000000a7200000, 0x00000000a7200000| Complete 
|  87|0x00000000a7300000, 0x00000000a7400000, 0x00000000a7400000|100%| E|CS|TAMS 0x00000000a7300000, 0x00000000a7300000| Complete 
|  88|0x00000000a7400000, 0x00000000a7500000, 0x00000000a7500000|100%| E|CS|TAMS 0x00000000a7400000, 0x00000000a7400000| Complete 
|  89|0x00000000a7500000, 0x00000000a7600000, 0x00000000a7600000|100%| E|CS|TAMS 0x00000000a7500000, 0x00000000a7500000| Complete 
|  90|0x00000000a7600000, 0x00000000a767ec70, 0x00000000a7700000| 49%| S|CS|TAMS 0x00000000a7600000, 0x00000000a7600000| Complete 
|  91|0x00000000a7700000, 0x00000000a7800000, 0x00000000a7800000|100%| E|CS|TAMS 0x00000000a7700000, 0x00000000a7700000| Complete 
|  92|0x00000000a7800000, 0x00000000a7900000, 0x00000000a7900000|100%| E|CS|TAMS 0x00000000a7800000, 0x00000000a7800000| Complete 
|  93|0x00000000a7900000, 0x00000000a7a00000, 0x00000000a7a00000|100%| E|CS|TAMS 0x00000000a7900000, 0x00000000a7900000| Complete 
|  94|0x00000000a7a00000, 0x00000000a7b00000, 0x00000000a7b00000|100%| E|CS|TAMS 0x00000000a7a00000, 0x00000000a7a00000| Complete 
|  95|0x00000000a7b00000, 0x00000000a7c00000, 0x00000000a7c00000|100%| E|CS|TAMS 0x00000000a7b00000, 0x00000000a7b00000| Complete 

Card table byte_map: [0x000001e75ee30000,0x000001e75f130000] _byte_map_base: 0x000001e75e922000

Marking Bits (Prev, Next): (CMBitMap*) 0x000001e7480b2240, (CMBitMap*) 0x000001e7480b2280
 Prev Bits: [0x000001e75f430000, 0x000001e760bc0000)
 Next Bits: [0x000001e760bc0000, 0x000001e762350000)

Polling page: 0x000001e745fd0000

Metaspace:

Usage:
  Non-class:     16.64 MB used.
      Class:      2.03 MB used.
       Both:     18.67 MB used.

Virtual space:
  Non-class space:       24.00 MB reserved,      16.75 MB ( 70%) committed,  3 nodes.
      Class space:        1.00 GB reserved,       2.19 MB ( <1%) committed,  1 nodes.
              Both:        1.02 GB reserved,      18.94 MB (  2%) committed. 

Chunk freelists:
   Non-Class:  2.99 MB
       Class:  1.74 MB
        Both:  4.73 MB

MaxMetaspaceSize: 17179869184.00 GB
CompressedClassSpaceSize: 1.00 GB
 - commit_granule_bytes: 65536.
 - commit_granule_words: 8192.
 - virtual_space_node_default_size: 1048576.
 - enlarge_chunks_in_place: 1.
 - new_chunks_are_fully_committed: 0.
 - uncommit_free_chunks: 1.
 - use_allocation_guard: 0.
 - handle_deallocations: 1.


Internal statistics:

num_allocs_failed_limit: 0.
num_arena_births: 172.
num_arena_deaths: 0.
num_vsnodes_births: 4.
num_vsnodes_deaths: 0.
num_space_committed: 303.
num_space_uncommitted: 0.
num_chunks_returned_to_freelist: 0.
num_chunks_taken_from_freelist: 375.
num_chunk_merges: 0.
num_chunk_splits: 231.
num_chunks_enlarged: 142.
num_purges: 0.

CodeHeap 'non-profiled nmethods': size=120000Kb used=1058Kb max_used=1058Kb free=118941Kb
 bounds [0x000001e7572d0000, 0x000001e757540000, 0x000001e75e800000]
CodeHeap 'profiled nmethods': size=120000Kb used=5828Kb max_used=5828Kb free=114171Kb
 bounds [0x000001e74fda0000, 0x000001e750360000, 0x000001e7572d0000]
CodeHeap 'non-nmethods': size=5760Kb used=1394Kb max_used=1431Kb free=4366Kb
 bounds [0x000001e74f800000, 0x000001e74fa70000, 0x000001e74fda0000]
 total_blobs=3648 nmethods=2916 adapters=644
 compilation: enabled
              stopped_count=0, restarted_count=0
 full_count=0

Compilation events (20 events):
Event: 535.705 Thread 0x000001e764d525b0 nmethod 2910 0x000001e7573d2610 code [0x000001e7573d27a0, 0x000001e7573d2878]
Event: 535.780 Thread 0x000001e764d525b0 2911   !   4       java.awt.EventDispatchThread::filterAndCheckEvent (108 bytes)
Event: 535.788 Thread 0x000001e764d525b0 nmethod 2911 0x000001e7573d2990 code [0x000001e7573d2b20, 0x000001e7573d2e78]
Event: 536.249 Thread 0x000001e764d525b0 2912   !   4       java.awt.EventQueue::getNextEvent (84 bytes)
Event: 536.357 Thread 0x000001e764d525b0 nmethod 2912 0x000001e7573d3110 code [0x000001e7573d3440, 0x000001e7573d5808]
Event: 536.357 Thread 0x000001e764d525b0 2913   !   4       java.awt.EventDispatchThread::pumpOneEventForFilters (113 bytes)
Event: 536.387 Thread 0x000001e764d525b0 nmethod 2913 0x000001e7573d6e10 code [0x000001e7573d7040, 0x000001e7573d7fc0]
Event: 536.698 Thread 0x000001e764d530a0 2914       1       java.awt.Component::setAutoFocusTransferOnDisposal (6 bytes)
Event: 536.698 Thread 0x000001e764d530a0 nmethod 2914 0x000001e7573d8790 code [0x000001e7573d8920, 0x000001e7573d89f8]
Event: 536.702 Thread 0x000001e764d530a0 2915       3       javax.swing.RepaintManager::collectDirtyComponents (344 bytes)
Event: 536.704 Thread 0x000001e764d530a0 nmethod 2915 0x000001e75033d590 code [0x000001e75033d8e0, 0x000001e75033f658]
Event: 550.381 Thread 0x000001e764d530a0 2916       3       java.net.URLStreamHandler::parseURL (1201 bytes)
Event: 550.410 Thread 0x000001e764d530a0 nmethod 2916 0x000001e75033ff10 code [0x000001e750341060, 0x000001e75034b6c8]
Event: 555.388 Thread 0x000001e764d530a0 2917       3       sun.net.www.protocol.file.Handler::parseURL (18 bytes)
Event: 555.389 Thread 0x000001e764d530a0 nmethod 2917 0x000001e75034f610 code [0x000001e75034f7c0, 0x000001e75034f978]
Event: 610.456 Thread 0x000001e764d530a0 2918       3       jdk.internal.loader.BuiltinClassLoader::findResourceOnClassPath (41 bytes)
Event: 610.457 Thread 0x000001e764d530a0 nmethod 2918 0x000001e75034fa90 code [0x000001e75034fce0, 0x000001e7503505b8]
Event: 620.476 Thread 0x000001e764d530a0 2919       3       java.lang.ClassLoader::getResource (41 bytes)
Event: 620.477 Thread 0x000001e764d530a0 nmethod 2919 0x000001e750350890 code [0x000001e750350a80, 0x000001e750351098]
Event: 626.860 Thread 0x000001e764d525b0 2920       4       java.awt.EventQueue::dispatchEventImpl (136 bytes)

GC Heap History (8 events):
Event: 15.545 GC heap before
{Heap before GC invocations=0 (full 0):
 garbage-first heap   total 98304K, used 25600K [0x00000000a1c00000, 0x0000000100000000)
  region size 1024K, 23 young (23552K), 0 survivors (0K)
 Metaspace       used 13930K, committed 14208K, reserved 1064960K
  class space    used 1521K, committed 1664K, reserved 1048576K
}
Event: 15.559 GC heap after
{Heap after GC invocations=1 (full 0):
 garbage-first heap   total 98304K, used 7713K [0x00000000a1c00000, 0x0000000100000000)
  region size 1024K, 3 young (3072K), 3 survivors (3072K)
 Metaspace       used 13930K, committed 14208K, reserved 1064960K
  class space    used 1521K, committed 1664K, reserved 1048576K
}
Event: 16.374 GC heap before
{Heap before GC invocations=1 (full 0):
 garbage-first heap   total 98304K, used 59937K [0x00000000a1c00000, 0x0000000100000000)
  region size 1024K, 23 young (23552K), 3 survivors (3072K)
 Metaspace       used 17749K, committed 17920K, reserved 1064960K
  class space    used 1973K, committed 2048K, reserved 1048576K
}
Event: 16.381 GC heap after
{Heap after GC invocations=2 (full 0):
 garbage-first heap   total 98304K, used 41366K [0x00000000a1c00000, 0x0000000100000000)
  region size 1024K, 1 young (1024K), 1 survivors (1024K)
 Metaspace       used 17749K, committed 17920K, reserved 1064960K
  class space    used 1973K, committed 2048K, reserved 1048576K
}
Event: 16.514 GC heap before
{Heap before GC invocations=2 (full 0):
 garbage-first heap   total 98304K, used 65942K [0x00000000a1c00000, 0x0000000100000000)
  region size 1024K, 26 young (26624K), 1 survivors (1024K)
 Metaspace       used 17750K, committed 17920K, reserved 1064960K
  class space    used 1973K, committed 2048K, reserved 1048576K
}
Event: 16.516 GC heap after
{Heap after GC invocations=3 (full 0):
 garbage-first heap   total 98304K, used 41221K [0x00000000a1c00000, 0x0000000100000000)
  region size 1024K, 1 young (1024K), 1 survivors (1024K)
 Metaspace       used 17750K, committed 17920K, reserved 1064960K
  class space    used 1973K, committed 2048K, reserved 1048576K
}
Event: 16.555 GC heap before
{Heap before GC invocations=3 (full 0):
 garbage-first heap   total 98304K, used 45317K [0x00000000a1c00000, 0x0000000100000000)
  region size 1024K, 6 young (6144K), 1 survivors (1024K)
 Metaspace       used 17751K, committed 17920K, reserved 1064960K
  class space    used 1973K, committed 2048K, reserved 1048576K
}
Event: 16.557 GC heap after
{Heap after GC invocations=4 (full 0):
 garbage-first heap   total 98304K, used 41168K [0x00000000a1c00000, 0x0000000100000000)
  region size 1024K, 1 young (1024K), 1 survivors (1024K)
 Metaspace       used 17751K, committed 17920K, reserved 1064960K
  class space    used 1973K, committed 2048K, reserved 1048576K
}

Deoptimization events (20 events):
Event: 45.503 Thread 0x000001e7663106e0 Uncommon trap: trap_request=0xffffffde fr.pc=0x000001e7573ac530 relative=0x0000000000000110
Event: 45.503 Thread 0x000001e7663106e0 Uncommon trap: reason=class_check action=maybe_recompile pc=0x000001e7573ac530 method=jdk.internal.misc.Unsafe.allocateUninitializedArray(Ljava/lang/Class;I)Ljava/lang/Object; @ 51 c2
Event: 45.503 Thread 0x000001e7663106e0 DEOPT PACKING pc=0x000001e7573ac530 sp=0x000000651c2fd4a0
Event: 45.503 Thread 0x000001e7663106e0 DEOPT UNPACKING pc=0x000001e74f84d72e sp=0x000000651c2fd428 mode 2
Event: 45.503 Thread 0x000001e7663106e0 Uncommon trap: trap_request=0xffffffde fr.pc=0x000001e7573ac530 relative=0x0000000000000110
Event: 45.503 Thread 0x000001e7663106e0 Uncommon trap: reason=class_check action=maybe_recompile pc=0x000001e7573ac530 method=jdk.internal.misc.Unsafe.allocateUninitializedArray(Ljava/lang/Class;I)Ljava/lang/Object; @ 51 c2
Event: 45.503 Thread 0x000001e7663106e0 DEOPT PACKING pc=0x000001e7573ac530 sp=0x000000651c2fd4a0
Event: 45.503 Thread 0x000001e7663106e0 DEOPT UNPACKING pc=0x000001e74f84d72e sp=0x000000651c2fd428 mode 2
Event: 45.504 Thread 0x000001e7663106e0 Uncommon trap: trap_request=0xffffffde fr.pc=0x000001e7573ac530 relative=0x0000000000000110
Event: 45.504 Thread 0x000001e7663106e0 Uncommon trap: reason=class_check action=maybe_recompile pc=0x000001e7573ac530 method=jdk.internal.misc.Unsafe.allocateUninitializedArray(Ljava/lang/Class;I)Ljava/lang/Object; @ 51 c2
Event: 45.504 Thread 0x000001e7663106e0 DEOPT PACKING pc=0x000001e7573ac530 sp=0x000000651c2fd4a0
Event: 45.504 Thread 0x000001e7663106e0 DEOPT UNPACKING pc=0x000001e74f84d72e sp=0x000000651c2fd428 mode 2
Event: 342.876 Thread 0x000001e7663e6010 Uncommon trap: trap_request=0xffffffcc fr.pc=0x000001e7573c65d8 relative=0x0000000000000338
Event: 342.876 Thread 0x000001e7663e6010 Uncommon trap: reason=intrinsic_or_type_checked_inlining action=make_not_entrant pc=0x000001e7573c65d8 method=java.util.Arrays.copyOf([Ljava/lang/Object;ILjava/lang/Class;)[Ljava/lang/Object; @ 35 c2
Event: 342.876 Thread 0x000001e7663e6010 DEOPT PACKING pc=0x000001e7573c65d8 sp=0x000000651c4ff200
Event: 342.876 Thread 0x000001e7663e6010 DEOPT UNPACKING pc=0x000001e74f84d72e sp=0x000000651c4ff190 mode 2
Event: 516.085 Thread 0x000001e7663e6010 Uncommon trap: trap_request=0xffffffdc fr.pc=0x000001e7573cbcc4 relative=0x00000000000001a4
Event: 516.085 Thread 0x000001e7663e6010 Uncommon trap: reason=class_check action=make_not_entrant pc=0x000001e7573cbcc4 method=java.util.ArrayList.toArray([Ljava/lang/Object;)[Ljava/lang/Object; @ 21 c2
Event: 516.085 Thread 0x000001e7663e6010 DEOPT PACKING pc=0x000001e7573cbcc4 sp=0x000000651c4ff260
Event: 516.085 Thread 0x000001e7663e6010 DEOPT UNPACKING pc=0x000001e74f84d72e sp=0x000000651c4ff220 mode 2

Classes unloaded (0 events):
No events

Classes redefined (0 events):
No events

Internal exceptions (20 events):
Event: 0.808 Thread 0x000001e7662f5630 Exception <a 'java/lang/NoSuchMethodError'{0x00000000a75e9fa8}: 'java.lang.Object java.lang.invoke.DirectMethodHandle$Holder.newInvokeSpecial(java.lang.Object, java.lang.Object, java.lang.Object, int, int, int, int, int)'> (0x00000000a75e9fa8) 
thrown [t:\workspace\open\src\hotspot\share\interpreter\linkResolver.cpp, line 790]
Event: 0.865 Thread 0x000001e765af9580 Exception <a 'java/lang/NoSuchMethodError'{0x00000000a780ff10}: 'void java.lang.invoke.DirectMethodHandle$Holder.invokeVirtual(java.lang.Object, java.lang.Object)'> (0x00000000a780ff10) 
thrown [t:\workspace\open\src\hotspot\share\interpreter\linkResolver.cpp, line 790]
Event: 0.900 Thread 0x000001e748078320 Exception <a 'java/lang/NoSuchMethodError'{0x00000000a7638310}: 'void java.lang.invoke.DirectMethodHandle$Holder.invokeStaticInit(java.lang.Object)'> (0x00000000a7638310) 
thrown [t:\workspace\open\src\hotspot\share\interpreter\linkResolver.cpp, line 790]
Event: 14.790 Thread 0x000001e7663106e0 Exception <a 'java/lang/NoSuchMethodError'{0x00000000a6f732e8}: 'java.lang.Object java.lang.invoke.DirectMethodHandle$Holder.invokeInterface(java.lang.Object, java.lang.Object)'> (0x00000000a6f732e8) 
thrown [t:\workspace\open\src\hotspot\share\interpreter\linkResolver.cpp, line 790]
Event: 14.852 Thread 0x000001e7663106e0 Exception <a 'java/lang/NoSuchMethodError'{0x00000000a6e004d0}: 'void java.lang.invoke.DirectMethodHandle$Holder.invokeStatic(java.lang.Object, java.lang.Object, java.lang.Object)'> (0x00000000a6e004d0) 
thrown [t:\workspace\open\src\hotspot\share\interpreter\linkResolver.cpp, line 790]
Event: 14.855 Thread 0x000001e7663106e0 Exception <a 'java/lang/NoSuchMethodError'{0x00000000a6e0ad70}: 'java.lang.Object java.lang.invoke.DirectMethodHandle$Holder.invokeVirtual(java.lang.Object, java.lang.Object, java.lang.Object)'> (0x00000000a6e0ad70) 
thrown [t:\workspace\open\src\hotspot\share\interpreter\linkResolver.cpp, line 790]
Event: 15.048 Thread 0x000001e7663106e0 Exception <a 'java/lang/NoSuchMethodError'{0x00000000a6b2e5d8}: 'void java.lang.invoke.DirectMethodHandle$Holder.invokeStatic(java.lang.Object, java.lang.Object)'> (0x00000000a6b2e5d8) 
thrown [t:\workspace\open\src\hotspot\share\interpreter\linkResolver.cpp, line 790]
Event: 15.222 Thread 0x000001e7663106e0 Exception <a 'java/lang/NoSuchMethodError'{0x00000000a683a978}: 'void java.lang.invoke.DirectMethodHandle$Holder.invokeStaticInit(java.lang.Object, java.lang.Object)'> (0x00000000a683a978) 
thrown [t:\workspace\open\src\hotspot\share\interpreter\linkResolver.cpp, line 790]
Event: 15.344 Thread 0x000001e7663106e0 Exception <a 'sun/nio/fs/WindowsException'{0x00000000a67617e0}> (0x00000000a67617e0) 
thrown [t:\workspace\open\src\hotspot\share\prims\jni.cpp, line 579]
Event: 15.370 Thread 0x000001e7663106e0 Exception <a 'java/lang/NoSuchMethodError'{0x00000000a678b230}: 'int java.lang.invoke.DirectMethodHandle$Holder.invokeStaticInit(java.lang.Object, java.lang.Object, java.lang.Object, java.lang.Object)'> (0x00000000a678b230) 
thrown [t:\workspace\open\src\hotspot\share\interpreter\linkResolver.cpp, line 790]
Event: 15.371 Thread 0x000001e7663106e0 Exception <a 'java/lang/IncompatibleClassChangeError'{0x00000000a6794ad0}: Found class java.lang.Object, but interface was expected> (0x00000000a6794ad0) 
thrown [t:\workspace\open\src\hotspot\share\interpreter\linkResolver.cpp, line 857]
Event: 15.373 Thread 0x000001e7663106e0 Exception <a 'java/lang/NoSuchMethodError'{0x00000000a679a480}: 'int java.lang.invoke.DirectMethodHandle$Holder.invokeStaticInit(java.lang.Object, java.lang.Object)'> (0x00000000a679a480) 
thrown [t:\workspace\open\src\hotspot\share\interpreter\linkResolver.cpp, line 790]
Event: 15.479 Thread 0x000001e7663106e0 Exception <a 'java/lang/NoSuchMethodError'{0x00000000a65a3570}: 'java.lang.Object java.lang.invoke.DirectMethodHandle$Holder.invokeStaticInit(java.lang.Object, int, int, int, int)'> (0x00000000a65a3570) 
thrown [t:\workspace\open\src\hotspot\share\interpreter\linkResolver.cpp, line 790]
Event: 15.566 Thread 0x000001e7663106e0 Exception <a 'java/lang/NoSuchMethodError'{0x00000000a7b27328}: 'java.lang.Object java.lang.invoke.DirectMethodHandle$Holder.invokeStaticInit(java.lang.Object, java.lang.Object, int, int, int, int)'> (0x00000000a7b27328) 
thrown [t:\workspace\open\src\hotspot\share\interpreter\linkResolver.cpp, line 790]
Event: 45.473 Thread 0x000001e7663106e0 Exception <a 'java/lang/NoSuchMethodError'{0x00000000a6e6a800}: 'void java.lang.invoke.DirectMethodHandle$Holder.invokeStatic(java.lang.Object, long)'> (0x00000000a6e6a800) 
thrown [t:\workspace\open\src\hotspot\share\interpreter\linkResolver.cpp, line 790]
Event: 45.475 Thread 0x000001e7663106e0 Exception <a 'java/lang/NoSuchMethodError'{0x00000000a6e702c8}: 'java.lang.Object java.lang.invoke.DirectMethodHandle$Holder.newInvokeSpecial(java.lang.Object, long)'> (0x00000000a6e702c8) 
thrown [t:\workspace\open\src\hotspot\share\interpreter\linkResolver.cpp, line 790]
Event: 45.477 Thread 0x000001e7663106e0 Exception <a 'java/lang/NoSuchMethodError'{0x00000000a6e77340}: 'java.lang.Object java.lang.invoke.DirectMethodHandle$Holder.invokeStatic(java.lang.Object, java.lang.Object, long, java.lang.Object)'> (0x00000000a6e77340) 
thrown [t:\workspace\open\src\hotspot\share\interpreter\linkResolver.cpp, line 790]
Event: 45.478 Thread 0x000001e7663106e0 Exception <a 'java/lang/NoSuchMethodError'{0x00000000a6e7b288}: 'java.lang.Object java.lang.invoke.DirectMethodHandle$Holder.invokeStaticInit(java.lang.Object, java.lang.Object, long, java.lang.Object)'> (0x00000000a6e7b288) 
thrown [t:\workspace\open\src\hotspot\share\interpreter\linkResolver.cpp, line 790]
Event: 45.480 Thread 0x000001e7663106e0 Exception <a 'java/lang/NoSuchMethodError'{0x00000000a6e81b10}: 'java.lang.Object java.lang.invoke.DirectMethodHandle$Holder.newInvokeSpecial(java.lang.Object, java.lang.Object, long)'> (0x00000000a6e81b10) 
thrown [t:\workspace\open\src\hotspot\share\interpreter\linkResolver.cpp, line 790]
Event: 45.481 Thread 0x000001e7663106e0 Exception <a 'java/lang/NoSuchMethodError'{0x00000000a6e85b28}: 'java.lang.Object java.lang.invoke.Invokers$Holder.linkToTargetMethod(java.lang.Object, long, java.lang.Object)'> (0x00000000a6e85b28) 
thrown [t:\workspace\open\src\hotspot\share\interpreter\linkResolver.cpp, line 790]

Events (20 events):
Event: 278.562 Executing  VM operation: Cleanup
Event: 278.563 Executing  VM operation: Cleanup done
Event: 296.664 Executing  VM operation: Cleanup
Event: 296.664 Executing  VM operation: Cleanup done
Event: 304.693 Executing  VM operation: Cleanup
Event: 304.693 Executing  VM operation: Cleanup done
Event: 352.934 Executing  VM operation: Cleanup
Event: 352.934 Executing  VM operation: Cleanup done
Event: 353.943 Executing  VM operation: Cleanup
Event: 353.943 Executing  VM operation: Cleanup done
Event: 354.943 Executing  VM operation: Cleanup
Event: 354.944 Executing  VM operation: Cleanup done
Event: 532.080 Executing  VM operation: Cleanup
Event: 532.080 Executing  VM operation: Cleanup done
Event: 533.087 Executing  VM operation: Cleanup
Event: 533.087 Executing  VM operation: Cleanup done
Event: 537.097 Executing  VM operation: Cleanup
Event: 537.097 Executing  VM operation: Cleanup done
Event: 625.605 Executing  VM operation: Cleanup
Event: 625.606 Executing  VM operation: Cleanup done


Dynamic libraries:
0x00007ff65ea50000 - 0x00007ff65ea60000 	C:\Program Files\Java\jdk-16.0.2\bin\java.exe
0x00007fffa1550000 - 0x00007fffa1748000 	C:\Windows\SYSTEM32\ntdll.dll
0x00007fff9f5b0000 - 0x00007fff9f66f000 	C:\Windows\System32\KERNEL32.DLL
0x00007fff9eed0000 - 0x00007fff9f1c6000 	C:\Windows\System32\KERNELBASE.dll
0x00007fff9eda0000 - 0x00007fff9eea0000 	C:\Windows\System32\ucrtbase.dll
0x00007fff7b4d0000 - 0x00007fff7b4e9000 	C:\Program Files\Java\jdk-16.0.2\bin\VCRUNTIME140.dll
0x00007fff99b40000 - 0x00007fff99b58000 	C:\Program Files\Java\jdk-16.0.2\bin\jli.dll
0x00007fffa0fd0000 - 0x00007fffa107f000 	C:\Windows\System32\ADVAPI32.dll
0x00007fffa1080000 - 0x00007fffa111e000 	C:\Windows\System32\msvcrt.dll
0x00007fff9fd20000 - 0x00007fff9fdbc000 	C:\Windows\System32\sechost.dll
0x00007fff9fa50000 - 0x00007fff9fb76000 	C:\Windows\System32\RPCRT4.dll
0x00007fff9ff50000 - 0x00007fffa00ed000 	C:\Windows\System32\USER32.dll
0x00007fff8b650000 - 0x00007fff8b8ea000 	C:\Windows\WinSxS\amd64_microsoft.windows.common-controls_6595b64144ccf1df_6.0.19041.1110_none_60b5254171f9507e\COMCTL32.dll
0x00007fff9eea0000 - 0x00007fff9eec2000 	C:\Windows\System32\win32u.dll
0x00007fffa1300000 - 0x00007fffa132c000 	C:\Windows\System32\GDI32.dll
0x00007fff9ec80000 - 0x00007fff9ed95000 	C:\Windows\System32\gdi32full.dll
0x00007fff9f3d0000 - 0x00007fff9f46d000 	C:\Windows\System32\msvcp_win.dll
0x00007fff97650000 - 0x00007fff9765a000 	C:\Windows\SYSTEM32\VERSION.dll
0x00007fff9fc10000 - 0x00007fff9fc40000 	C:\Windows\System32\IMM32.DLL
0x00007fff86bf0000 - 0x00007fff86bfc000 	C:\Program Files\Java\jdk-16.0.2\bin\vcruntime140_1.dll
0x00007fff60b50000 - 0x00007fff60be1000 	C:\Program Files\Java\jdk-16.0.2\bin\msvcp140.dll
0x00007fff2b2c0000 - 0x00007fff2be6b000 	C:\Program Files\Java\jdk-16.0.2\bin\server\jvm.dll
0x00007fffa1120000 - 0x00007fffa1128000 	C:\Windows\System32\PSAPI.DLL
0x00007fff96180000 - 0x00007fff961a7000 	C:\Windows\SYSTEM32\WINMM.dll
0x00007fff906b0000 - 0x00007fff906b9000 	C:\Windows\SYSTEM32\WSOCK32.dll
0x00007fffa00f0000 - 0x00007fffa015b000 	C:\Windows\System32\WS2_32.dll
0x00007fff9caf0000 - 0x00007fff9cb02000 	C:\Windows\SYSTEM32\kernel.appcore.dll
0x00007fff86bb0000 - 0x00007fff86bba000 	C:\Program Files\Java\jdk-16.0.2\bin\jimage.dll
0x00007fff96dd0000 - 0x00007fff96fb4000 	C:\Windows\SYSTEM32\DBGHELP.DLL
0x00007fff8f920000 - 0x00007fff8f954000 	C:\Windows\SYSTEM32\dbgcore.DLL
0x00007fff9f520000 - 0x00007fff9f5a2000 	C:\Windows\System32\bcryptPrimitives.dll
0x00007fff701a0000 - 0x00007fff701c5000 	C:\Program Files\Java\jdk-16.0.2\bin\java.dll
0x00007fffa0160000 - 0x00007fffa08a4000 	C:\Windows\System32\SHELL32.dll
0x00007fff9ccf0000 - 0x00007fff9d483000 	C:\Windows\SYSTEM32\windows.storage.dll
0x00007fff9f670000 - 0x00007fff9f9c4000 	C:\Windows\System32\combase.dll
0x00007fff9e5b0000 - 0x00007fff9e5de000 	C:\Windows\SYSTEM32\Wldp.dll
0x00007fffa0e00000 - 0x00007fffa0ead000 	C:\Windows\System32\SHCORE.dll
0x00007fff9f9d0000 - 0x00007fff9fa25000 	C:\Windows\System32\shlwapi.dll
0x00007fff9eb70000 - 0x00007fff9eb8f000 	C:\Windows\SYSTEM32\profapi.dll
0x00007fff7b4b0000 - 0x00007fff7b4c9000 	C:\Program Files\Java\jdk-16.0.2\bin\net.dll
0x00007fff98120000 - 0x00007fff9822a000 	C:\Windows\SYSTEM32\WINHTTP.dll
0x00007fff9e310000 - 0x00007fff9e37a000 	C:\Windows\system32\mswsock.dll
0x00007fff78bf0000 - 0x00007fff78c03000 	C:\Program Files\Java\jdk-16.0.2\bin\nio.dll
0x00007fff72450000 - 0x00007fff72468000 	C:\Program Files\Java\jdk-16.0.2\bin\zip.dll
0x00007fff48a60000 - 0x00007fff48be0000 	C:\Program Files\Java\jdk-16.0.2\bin\awt.dll
0x00007fff9fdc0000 - 0x00007fff9fe8d000 	C:\Windows\System32\OLEAUT32.dll
0x00007fff9c470000 - 0x00007fff9c501000 	C:\Windows\SYSTEM32\apphelp.dll
0x00007fff9c800000 - 0x00007fff9c82f000 	C:\Windows\system32\DWMAPI.DLL
0x00007fff9c620000 - 0x00007fff9c6be000 	C:\Windows\system32\uxtheme.dll
0x00007fff63170000 - 0x00007fff63295000 	C:\Windows\system32\opengl32.dll
0x00007fff792c0000 - 0x00007fff792ec000 	C:\Windows\SYSTEM32\GLU32.dll
0x00007fffa0eb0000 - 0x00007fffa0fc4000 	C:\Windows\System32\MSCTF.dll
0x00007fffa13e0000 - 0x00007fffa150a000 	C:\Windows\System32\ole32.dll
0x00007fff6bbb0000 - 0x00007fff6bd7d000 	C:\Windows\system32\d3d9.dll
0x00007fff94fb0000 - 0x00007fff9516b000 	C:\Windows\System32\DriverStore\FileRepository\u0383954.inf_amd64_2061df1998435612\B383240\aticfx64.dll
0x00007fff9c130000 - 0x00007fff9c164000 	C:\Windows\System32\DriverStore\FileRepository\u0383954.inf_amd64_2061df1998435612\B383240\atiu9p64.dll
0x00007fff43710000 - 0x00007fff44465000 	C:\Windows\System32\DriverStore\FileRepository\u0383954.inf_amd64_2061df1998435612\B383240\atiumd64.dll
0x0000000063b00000 - 0x0000000064a27000 	C:\Windows\System32\DriverStore\FileRepository\u0383954.inf_amd64_2061df1998435612\B383240\atiumd6a.dll
0x00007fffa08b0000 - 0x00007fffa0d18000 	C:\Windows\System32\SETUPAPI.dll
0x00007fff9ec30000 - 0x00007fff9ec7e000 	C:\Windows\System32\cfgmgr32.dll
0x00007fff9eaa0000 - 0x00007fff9eaeb000 	C:\Windows\SYSTEM32\POWRPROF.dll
0x00007fff9f240000 - 0x00007fff9f267000 	C:\Windows\System32\bcrypt.dll
0x00007fff9ea80000 - 0x00007fff9ea92000 	C:\Windows\SYSTEM32\UMPDC.dll
0x00007fff92da0000 - 0x00007fff92dd5000 	C:\Windows\SYSTEM32\amdihk64.dll
0x00007fff960d0000 - 0x00007fff9610b000 	C:\Windows\SYSTEM32\dxcore.dll
0x00007fff77e90000 - 0x00007fff77ebd000 	C:\Program Files\Java\jdk-16.0.2\bin\javajpeg.dll
0x00007fff5de60000 - 0x00007fff5dee9000 	C:\Program Files\Java\jdk-16.0.2\bin\freetype.dll
0x00007fff48960000 - 0x00007fff48a56000 	C:\Program Files\Java\jdk-16.0.2\bin\harfbuzz.dll
0x00007fff70180000 - 0x00007fff70192000 	C:\Program Files\Java\jdk-16.0.2\bin\fontmanager.dll
0x00007fffa1330000 - 0x00007fffa13d9000 	C:\Windows\System32\clbcatq.dll
0x00007fff98ce0000 - 0x00007fff98e94000 	C:\Windows\SYSTEM32\WindowsCodecs.dll
0x00007fff85a00000 - 0x00007fff85a3e000 	C:\Windows\system32\dataexchange.dll
0x00007fff9abc0000 - 0x00007fff9ae23000 	C:\Windows\system32\d3d11.dll
0x00007fff9b850000 - 0x00007fff9ba33000 	C:\Windows\system32\dcomp.dll
0x00007fff9d4f0000 - 0x00007fff9d5e3000 	C:\Windows\system32\dxgi.dll
0x00007fff98f90000 - 0x00007fff99190000 	C:\Windows\system32\twinapi.appcore.dll
0x00007fff8d560000 - 0x00007fff8d65a000 	C:\Windows\SYSTEM32\textinputframework.dll
0x00007fff9ba40000 - 0x00007fff9bd9e000 	C:\Windows\System32\CoreUIComponents.dll
0x00007fff9c200000 - 0x00007fff9c2f2000 	C:\Windows\System32\CoreMessaging.dll
0x00007fff9dd50000 - 0x00007fff9dd83000 	C:\Windows\SYSTEM32\ntmarta.dll
0x00007fff9aa60000 - 0x00007fff9abb4000 	C:\Windows\SYSTEM32\wintypes.dll
0x00007fff89e00000 - 0x00007fff89e66000 	C:\Windows\system32\Oleacc.dll
0x00007fff9e040000 - 0x00007fff9e10b000 	C:\Windows\SYSTEM32\DNSAPI.dll
0x00007fff9e000000 - 0x00007fff9e03c000 	C:\Windows\SYSTEM32\IPHLPAPI.DLL
0x00007fffa12f0000 - 0x00007fffa12f8000 	C:\Windows\System32\NSI.dll
0x0000000064a60000 - 0x0000000064a6a000 	C:\Program Files\National Instruments\Shared\mDNS Responder\nimdnsNSP.dll
0x0000000064a50000 - 0x0000000064a60000 	C:\Windows\SYSTEM32\nimdnsResponder.dll
0x00007fff90cb0000 - 0x00007fff90cba000 	C:\Windows\System32\rasadhlp.dll
0x00007fff90f20000 - 0x00007fff90fa2000 	C:\Windows\System32\fwpuclnt.dll
0x00007fff9e510000 - 0x00007fff9e528000 	C:\Windows\SYSTEM32\CRYPTSP.dll
0x00007fff9dc30000 - 0x00007fff9dc64000 	C:\Windows\system32\rsaenh.dll
0x00007fff9eb30000 - 0x00007fff9eb5e000 	C:\Windows\SYSTEM32\USERENV.dll
0x00007fff9e500000 - 0x00007fff9e50c000 	C:\Windows\SYSTEM32\CRYPTBASE.dll
0x00007fff963a0000 - 0x00007fff963b7000 	C:\Windows\SYSTEM32\dhcpcsvc6.DLL
0x00007fff97660000 - 0x00007fff9767d000 	C:\Windows\SYSTEM32\dhcpcsvc.DLL
0x00007fff91900000 - 0x00007fff9190e000 	C:\Program Files\Java\jdk-16.0.2\bin\sunmscapi.dll
0x00007fff9f270000 - 0x00007fff9f3ce000 	C:\Windows\System32\CRYPT32.dll
0x00007fff9e620000 - 0x00007fff9e648000 	C:\Windows\SYSTEM32\ncrypt.dll
0x00007fff9e5e0000 - 0x00007fff9e61b000 	C:\Windows\SYSTEM32\NTASN1.dll

dbghelp: loaded successfully - version: 4.0.5 - missing functions: none
symbol engine: initialized successfully - sym options: 0x614 - pdb path: .;C:\Program Files\Java\jdk-16.0.2\bin;C:\Windows\SYSTEM32;C:\Windows\WinSxS\amd64_microsoft.windows.common-controls_6595b64144ccf1df_6.0.19041.1110_none_60b5254171f9507e;C:\Program Files\Java\jdk-16.0.2\bin\server;C:\Windows\System32\DriverStore\FileRepository\u0383954.inf_amd64_2061df1998435612\B383240;C:\Program Files\National Instruments\Shared\mDNS Responder

VM Arguments:
jvm_args: -Dfile.encoding=UTF-8 --module-path=D:\java\College_Managment_System\build\classes 
java_command: college_managment_system.Login
java_class_path (initial): C:\Users\tejas\Downloads\mysql-connector-j-8.0.33\mysql-connector-j-8.0.33.jar;C:\Users\tejas\Downloads\jcalendar-tz-1.3.3-4.jar;C:\Users\tejas\Downloads\rs2xml.jar;D:\java\College_Managment_System\build\classes
Launcher Type: SUN_STANDARD

[Global flags]
     intx CICompilerCount                          = 4                                         {product} {ergonomic}
     uint ConcGCThreads                            = 2                                         {product} {ergonomic}
     uint G1ConcRefinementThreads                  = 8                                         {product} {ergonomic}
   size_t G1HeapRegionSize                         = 1048576                                   {product} {ergonomic}
    uintx GCDrainStackTargetSize                   = 64                                        {product} {ergonomic}
   size_t InitialHeapSize                          = 100663296                                 {product} {ergonomic}
   size_t MarkStackSize                            = 4194304                                   {product} {ergonomic}
   size_t MaxHeapSize                              = 1581252608                                {product} {ergonomic}
   size_t MaxNewSize                               = 947912704                                 {product} {ergonomic}
   size_t MinHeapDeltaBytes                        = 1048576                                   {product} {ergonomic}
   size_t MinHeapSize                              = 8388608                                   {product} {ergonomic}
    uintx NonNMethodCodeHeapSize                   = 5839372                                {pd product} {ergonomic}
    uintx NonProfiledCodeHeapSize                  = 122909434                              {pd product} {ergonomic}
    uintx ProfiledCodeHeapSize                     = 122909434                              {pd product} {ergonomic}
    uintx ReservedCodeCacheSize                    = 251658240                              {pd product} {ergonomic}
     bool SegmentedCodeCache                       = true                                      {product} {ergonomic}
   size_t SoftMaxHeapSize                          = 1581252608                             {manageable} {ergonomic}
     bool UseCompressedClassPointers               = true                           {product lp64_product} {ergonomic}
     bool UseCompressedOops                        = true                           {product lp64_product} {ergonomic}
     bool UseG1GC                                  = true                                      {product} {ergonomic}
     bool UseLargePagesIndividualAllocation        = false                                  {pd product} {ergonomic}

Logging:
Log output configuration:
 #0: stdout all=warning uptime,level,tags
 #1: stderr all=off uptime,level,tags

Environment Variables:
JAVA_HOME=C:\Program Files\Java\jdk-16.0.2
PATH=C:\Program Files\Common Files\Oracle\Java\javapath;C:\Windows\system32;C:\Windows;C:\Windows\System32\Wbem;C:\Windows\System32\WindowsPowerShell\v1.0\;C:\Windows\System32\OpenSSH\;C:\MinGW\bin;C:\Program Files\Java\jdk-16.0.2\bin;C:\Program Files\dotnet\;C:\Program Files\Git\cmd;C:\Program Files\nodejs\;C:\ProgramData\chocolatey\bin;C:\Program Files\MySQL\MySQL Shell 8.0\bin\;C:\Users\tejas\anaconda3;C:\Users\tejas\anaconda3\Library\mingw-w64\bin;C:\Users\tejas\anaconda3\Library\usr\bin;C:\Users\tejas\anaconda3\Library\bin;C:\Users\tejas\anaconda3\Scripts;C:\Users\tejas\AppData\Local\Microsoft\WindowsApps;C:\Users\tejas\AppData\Local\Programs\Microsoft VS Code\bin;C:\Program Files\nodejs\node.exe;D:\IntelliJ IDEA Community Edition 2023.1.2\bin;;C:\Users\tejas\AppData\Roaming\npm;D:\Hugo\bin;
USERNAME=tejas
OS=Windows_NT
PROCESSOR_IDENTIFIER=AMD64 Family 23 Model 24 Stepping 1, AuthenticAMD



---------------  S Y S T E M  ---------------

OS:
 Windows 10 , 64 bit Build 19041 (10.0.19041.2913)
OS uptime: 0 days 3:41 hours

CPU: total 8 (initial active 8) (8 cores per cpu, 2 threads per core) family 23 model 24 stepping 1 microcode 0x0, cx8, cmov, fxsr, ht, mmx, 3dnowpref, sse, sse2, sse3, ssse3, sse4a, sse4.1, sse4.2, popcnt, lzcnt, tsc, tscinvbit, avx, avx2, aes, clmul, bmi1, bmi2, adx, sha, fma, vzeroupper, clflush, clflushopt

Memory: 4k page, system-wide physical 6030M (315M free)
TotalPageFile size 24462M (AvailPageFile size 2M)
current process WorkingSet (physical memory assigned to process): 60M, peak: 203M
current process commit charge ("private bytes"): 317M, peak: 330M

vm_info: Java HotSpot(TM) 64-Bit Server VM (16.0.2+7-67) for windows-amd64 JRE (16.0.2+7-67), built on Jun  8 2021 23:24:19 by "mach5one" with MS VC++ 16.7 (VS2019)

END.
